Sat Nov 14 15:31:28 CST 2015  [debug] AvalonLogSystem initialized using logfile 'C:\Users\yy292_000\Desktop\MyEclipse\.metadata\.plugins\com.genuitec.eclipse.templates\velocity.log'
Sat Nov 14 15:31:28 CST 2015   [info] ************************************************************** 
Sat Nov 14 15:31:28 CST 2015   [info] Starting Jakarta Velocity v1.4
Sat Nov 14 15:31:28 CST 2015   [info] RuntimeInstance initializing.
Sat Nov 14 15:31:28 CST 2015   [info] Default Properties File: org\apache\velocity\runtime\defaults\velocity.properties
Sat Nov 14 15:31:28 CST 2015   [info] Trying to use logger class org.apache.velocity.runtime.log.AvalonLogSystem
Sat Nov 14 15:31:28 CST 2015   [info] Using logger class org.apache.velocity.runtime.log.AvalonLogSystem
Sat Nov 14 15:31:28 CST 2015   [info] Default ResourceManager initializing. (class org.apache.velocity.runtime.resource.ResourceManagerImpl)
Sat Nov 14 15:31:28 CST 2015   [info] Resource Loader Instantiated: com.genuitec.eclipse.templates.internal.PluginResourceLoader
Sat Nov 14 15:31:28 CST 2015   [info] ResourceCache : initialized. (class org.apache.velocity.runtime.resource.ResourceCacheImpl)
Sat Nov 14 15:31:28 CST 2015   [info] Default ResourceManager initialization complete.
Sat Nov 14 15:31:28 CST 2015   [info] Loaded System Directive: org.apache.velocity.runtime.directive.Literal
Sat Nov 14 15:31:28 CST 2015   [info] Loaded System Directive: org.apache.velocity.runtime.directive.Macro
Sat Nov 14 15:31:28 CST 2015   [info] Loaded System Directive: org.apache.velocity.runtime.directive.Parse
Sat Nov 14 15:31:28 CST 2015   [info] Loaded System Directive: org.apache.velocity.runtime.directive.Include
Sat Nov 14 15:31:28 CST 2015   [info] Loaded System Directive: org.apache.velocity.runtime.directive.Foreach
Sat Nov 14 15:31:28 CST 2015   [info] Created: 20 parsers.
Sat Nov 14 15:31:28 CST 2015   [info] Velocimacro : initialization starting.
Sat Nov 14 15:31:28 CST 2015   [info] Velocimacro : adding VMs from VM library template : VM_global_library.vm
Sat Nov 14 15:31:28 CST 2015   [info] ResourceManager : found VM_global_library.vm with loader com.genuitec.eclipse.templates.internal.PluginResourceLoader
Sat Nov 14 15:31:28 CST 2015   [info] Velocimacro :  VM library template macro registration complete.
Sat Nov 14 15:31:28 CST 2015   [info] Velocimacro : allowInline = true : VMs can be defined inline in templates
Sat Nov 14 15:31:28 CST 2015   [info] Velocimacro : allowInlineToOverride = true : VMs defined inline may replace previous VM definitions
Sat Nov 14 15:31:28 CST 2015   [info] Velocimacro : allowInlineLocal = true : VMs defined inline will be local to their defining template only.
Sat Nov 14 15:31:28 CST 2015   [info] Velocimacro : messages on  : VM system will output logging messages
Sat Nov 14 15:31:28 CST 2015   [info] Velocimacro : autoload off  : VM system will not automatically reload global library macros
Sat Nov 14 15:31:28 CST 2015   [info] Velocimacro : initialization complete.
Sat Nov 14 15:31:28 CST 2015   [info] Velocity successfully started.
Sat Nov 14 15:31:28 CST 2015   [info] ResourceManager : found /templates/velocity/welcome/Jsp.vtl with loader com.genuitec.eclipse.templates.internal.PluginResourceLoader
